/*C3*/SET SCHEMA PUBLIC
create table if not exists Pages (Id integer identity primary key, Name varchar(255) unique, Content clob)
create table if not exists user (username varchar(255), password varchar(255), password_salt varchar(255))
create table if not exists user_roles (username varchar(255), role varchar(255))
create table if not exists roles_perms (role varchar(255), perm varchar(255))
INSERT INTO USER VALUES('root','C705F9EAD3406D0C17DDA3668A365D8991E6D1050C9A41329D9C67FC39E53437A39E83A9586E18C49AD10E41CBB71F0C06626741758E16F9B6C2BA4BEE74017E','017DC3D7F89CD5E873B16E6CCE9A2307C8E3D9C5758741EEE49A899FFBC379D8')
COMMIT
INSERT INTO USER VALUES('foo','C3F0D72C1C3C8A11525B4563BAFF0E0F169114DE36796A595B78A373C522C0FF81BC2A683E2CB882A077847E8FD4DA09F1993072A4E9D7671313E4E5DB898F4E','017DC3D7F89CD5E873B16E6CCE9A2307C8E3D9C5758741EEE49A899FFBC379D8')
COMMIT
INSERT INTO USER VALUES('bar','AEDD3E9FFCB847596A0596306A4303CC61C43D9904A0184951057D07D2FE2F36FA855C58EBCA9F3AEC9C65C46656F393E3D0F8711881F250D0D860F143A7A281','017DC3D7F89CD5E873B16E6CCE9A2307C8E3D9C5758741EEE49A899FFBC379D8')
COMMIT
INSERT INTO USER VALUES('baz','AEDD3E9FFCB847596A0596306A4303CC61C43D9904A0184951057D07D2FE2F36FA855C58EBCA9F3AEC9C65C46656F393E3D0F8711881F250D0D860F143A7A281','017DC3D7F89CD5E873B16E6CCE9A2307C8E3D9C5758741EEE49A899FFBC379D8')
COMMIT
INSERT INTO ROLES_PERMS VALUES('editor','create')
COMMIT
INSERT INTO ROLES_PERMS VALUES('editor','delete')
COMMIT
INSERT INTO ROLES_PERMS VALUES('editor','update')
COMMIT
INSERT INTO ROLES_PERMS VALUES('writer','update')
COMMIT
INSERT INTO ROLES_PERMS VALUES('admin','create')
COMMIT
INSERT INTO ROLES_PERMS VALUES('admin','delete')
COMMIT
INSERT INTO ROLES_PERMS VALUES('admin','update')
COMMIT
INSERT INTO USER_ROLES VALUES('root','admin')
COMMIT
INSERT INTO USER_ROLES VALUES('foo','editor')
COMMIT
INSERT INTO USER_ROLES VALUES('foo','writer')
COMMIT
INSERT INTO USER_ROLES VALUES('bar','writer')
COMMIT
