/*C1*/SET SCHEMA SYSTEM_LOBS
INSERT INTO BLOCKS VALUES(0,2147483647,0)
COMMIT
/*C3*/SET SCHEMA PUBLIC
create table if not exists Pages (Id integer identity primary key, Name varchar(255) unique, Content clob)
/*C1*/INSERT INTO LOB_IDS VALUES(1,54,0,40)
ALTER SEQUENCE SYSTEM_LOBS.LOB_ID RESTART WITH 2
COMMIT
DELETE FROM BLOCKS WHERE BLOCK_ADDR=0
INSERT INTO BLOCKS VALUES(0,1,0)
INSERT INTO BLOCKS VALUES(1,2147483646,0)
DELETE FROM BLOCKS WHERE BLOCK_ADDR=0
INSERT INTO LOBS VALUES(0,1,0,1)
COMMIT
/*C3*/INSERT INTO PAGES VALUES(0,'vertx',1)
SET SCHEMA SYSTEM_LOBS
DELETE FROM LOB_IDS WHERE LOB_ID=1
INSERT INTO LOB_IDS VALUES(1,54,1,40)
COMMIT
/*C1*/INSERT INTO LOB_IDS VALUES(2,169,0,40)
ALTER SEQUENCE SYSTEM_LOBS.LOB_ID RESTART WITH 3
COMMIT
DELETE FROM BLOCKS WHERE BLOCK_ADDR=1
INSERT INTO BLOCKS VALUES(1,1,0)
INSERT INTO BLOCKS VALUES(2,2147483645,0)
DELETE FROM BLOCKS WHERE BLOCK_ADDR=1
INSERT INTO LOBS VALUES(1,1,0,2)
COMMIT
/*C3*/SET SCHEMA PUBLIC
DELETE FROM PAGES WHERE ID=0
INSERT INTO PAGES VALUES(0,'vertx',2)
SET SCHEMA SYSTEM_LOBS
DELETE FROM LOB_IDS WHERE LOB_ID=1
INSERT INTO LOB_IDS VALUES(1,54,0,40)
DELETE FROM LOB_IDS WHERE LOB_ID=2
INSERT INTO LOB_IDS VALUES(2,169,1,40)
COMMIT
